1594383183.879512 client started (56928): version 3.1b, socket /tmp//tmux-501/default, protocol 8
1594383183.879559 on Darwin 19.5.0 Darwin Kernel Version 19.5.0: Thu Apr 30 18:25:59 PDT 2020; root:xnu-6153.121.1~7/RELEASE_X86_64; libevent 2.1.11-stable (select)
1594383183.879598 socket is /tmp//tmux-501/default
1594383183.879619 trying connect
1594383183.879702 add peer 0x7fec5d531000: 6 (0x0)
1594383183.880755 sending message 100 to peer 0x7fec5d531000 (4 bytes)
1594383183.880774 sending message 101 to peer 0x7fec5d531000 (16 bytes)
1594383183.880781 sending message 102 to peer 0x7fec5d531000 (13 bytes)
1594383183.880788 sending message 108 to peer 0x7fec5d531000 (46 bytes)
1594383183.880805 sending message 104 to peer 0x7fec5d531000 (0 bytes)
1594383183.880812 sending message 107 to peer 0x7fec5d531000 (4 bytes)
1594383183.880819 sending message 105 to peer 0x7fec5d531000 (13 bytes)
1594383183.880826 sending message 105 to peer 0x7fec5d531000 (15 bytes)
1594383183.880832 sending message 105 to peer 0x7fec5d531000 (20 bytes)
1594383183.880839 sending message 105 to peer 0x7fec5d531000 (22 bytes)
1594383183.880845 sending message 105 to peer 0x7fec5d531000 (12 bytes)
1594383183.880851 sending message 105 to peer 0x7fec5d531000 (17 bytes)
1594383183.880858 sending message 105 to peer 0x7fec5d531000 (21 bytes)
1594383183.880864 sending message 105 to peer 0x7fec5d531000 (29 bytes)
1594383183.880871 sending message 105 to peer 0x7fec5d531000 (22 bytes)
1594383183.880877 sending message 105 to peer 0x7fec5d531000 (61 bytes)
1594383183.880883 sending message 105 to peer 0x7fec5d531000 (17 bytes)
1594383183.880890 sending message 105 to peer 0x7fec5d531000 (15 bytes)
1594383183.880896 sending message 105 to peer 0x7fec5d531000 (19 bytes)
1594383183.880902 sending message 105 to peer 0x7fec5d531000 (27 bytes)
1594383183.880909 sending message 105 to peer 0x7fec5d531000 (34 bytes)
1594383183.880915 sending message 105 to peer 0x7fec5d531000 (25 bytes)
1594383183.880921 sending message 105 to peer 0x7fec5d531000 (25 bytes)
1594383183.880927 sending message 105 to peer 0x7fec5d531000 (21 bytes)
1594383183.880934 sending message 105 to peer 0x7fec5d531000 (21 bytes)
1594383183.880940 sending message 105 to peer 0x7fec5d531000 (28 bytes)
1594383183.880946 sending message 105 to peer 0x7fec5d531000 (21 bytes)
1594383183.880952 sending message 105 to peer 0x7fec5d531000 (25 bytes)
1594383183.880959 sending message 105 to peer 0x7fec5d531000 (25 bytes)
1594383183.880965 sending message 105 to peer 0x7fec5d531000 (32 bytes)
1594383183.880971 sending message 105 to peer 0x7fec5d531000 (107 bytes)
1594383183.880978 sending message 105 to peer 0x7fec5d531000 (54 bytes)
1594383183.880984 sending message 105 to peer 0x7fec5d531000 (31 bytes)
1594383183.880990 sending message 105 to peer 0x7fec5d531000 (11 bytes)
1594383183.880997 sending message 105 to peer 0x7fec5d531000 (508 bytes)
1594383183.881003 sending message 105 to peer 0x7fec5d531000 (31 bytes)
1594383183.881009 sending message 105 to peer 0x7fec5d531000 (50 bytes)
1594383183.881016 sending message 105 to peer 0x7fec5d531000 (16 bytes)
1594383183.881022 sending message 105 to peer 0x7fec5d531000 (24 bytes)
1594383183.881028 sending message 105 to peer 0x7fec5d531000 (15 bytes)
1594383183.881035 sending message 105 to peer 0x7fec5d531000 (8 bytes)
1594383183.881041 sending message 105 to peer 0x7fec5d531000 (66 bytes)
1594383183.881047 sending message 105 to peer 0x7fec5d531000 (21 bytes)
1594383183.881054 sending message 105 to peer 0x7fec5d531000 (23 bytes)
1594383183.881060 sending message 105 to peer 0x7fec5d531000 (28 bytes)
1594383183.881066 sending message 105 to peer 0x7fec5d531000 (60 bytes)
1594383183.881073 sending message 105 to peer 0x7fec5d531000 (57 bytes)
1594383183.881079 sending message 105 to peer 0x7fec5d531000 (35 bytes)
1594383183.881085 sending message 105 to peer 0x7fec5d531000 (13 bytes)
1594383183.881091 sending message 105 to peer 0x7fec5d531000 (22 bytes)
1594383183.881098 sending message 105 to peer 0x7fec5d531000 (12 bytes)
1594383183.881104 sending message 105 to peer 0x7fec5d531000 (14 bytes)
1594383183.881121 sending message 105 to peer 0x7fec5d531000 (19 bytes)
1594383183.881125 sending message 105 to peer 0x7fec5d531000 (38 bytes)
1594383183.881129 sending message 105 to peer 0x7fec5d531000 (22 bytes)
1594383183.881133 sending message 106 to peer 0x7fec5d531000 (0 bytes)
1594383183.881139 sending message 200 to peer 0x7fec5d531000 (4 bytes)
1594383183.881144 client loop enter
1594383183.881346 peer 0x7fec5d531000 message 303
1594383183.881355 open write file 2 -
1594383183.881376 sending message 305 to peer 0x7fec5d531000 (8 bytes)
1594383183.881450 peer 0x7fec5d531000 message 304
1594383183.881462 write 58 to file 2
1594383183.881479 peer 0x7fec5d531000 message 203
1594383183.881485 file 2 58 bytes left
1594383183.881515 client loop exit
